CREATE EXTENSION daterangex;
SELECT daterangex('2024-01-01' , '2024-06-01', '[]');
       daterangex        
-------------------------
 [01-01-2024,06-01-2024]
(1 row)

SELECT daterangex('2024-01-01' , '2024-06-01', '[)');
       daterangex        
-------------------------
 [01-01-2024,05-31-2024]
(1 row)

SELECT '[2025-01-01,2025-02-02]'::daterange::daterangex;
       daterangex        
-------------------------
 [01-01-2025,02-02-2025]
(1 row)

SELECT '[2025-01-01,2025-02-02)'::daterange::daterangex;
       daterangex        
-------------------------
 [01-01-2025,02-01-2025]
(1 row)

SELECT '[2025-01-01,2025-02-02]'::daterangex::daterange;
        daterange        
-------------------------
 [01-01-2025,02-03-2025)
(1 row)

SELECT '[2025-01-01,2025-02-02)'::daterangex::daterange;
        daterange        
-------------------------
 [01-01-2025,02-02-2025)
(1 row)

